<?xml version="1.0" encoding="UTF-8"?>
<!-- Generated by org.testng.reporters.JUnitXMLReporter -->
<testsuite ignored="0" hostname="DESKTOP-QDTAIDP" failures="0" tests="3" name="Default test" time="7.563" errors="0" timestamp="2023-05-04T12:54:39 IST">
  <testcase classname="api.bdd_test.BddCustomerXMLResponceTests" name="testSingleContent" time="5.161"/>
  <testcase classname="api.bdd_test.BddCustomerXMLResponceTests" name="testMultipleContent" time="0.592"/>
  <testcase classname="api.bdd_test.BddCustomerXMLResponceTests" name="testMultipleContentOneGo" time="0.485"/>
</testsuite> <!-- Default test -->
