<?xml version="1.0" encoding="UTF-8"?>
<!-- Generated by org.testng.reporters.JUnitXMLReporter -->
<testsuite ignored="0" hostname="DESKTOP-QDTAIDP" failures="0" tests="3" name="Default test" time="6.832" errors="0" timestamp="2023-05-10T16:40:22 IST">
  <testcase classname="api.training.test.testUserDetails" name="testUserData" time="3.837"/>
  <testcase classname="api.training.test.testUserDetails" name="testResponseUserData" time="2.754"/>
  <testcase classname="api.training.test.testUserDetails" name="getJsonfieldData" time="0.131"/>
</testsuite> <!-- Default test -->
