<?xml version="1.0" encoding="UTF-8"?>
<testng-results ignored="0" total="2" passed="2" failed="0" skipped="0">
  <reporter-output>
  </reporter-output>
  <suite started-at="2023-05-09T17:36:34 IST" name="PetSuite" finished-at="2023-05-09T17:36:52 IST" duration-ms="18292">
    <groups>
    </groups>
    <test started-at="2023-05-09T17:36:34 IST" name="PetTests" finished-at="2023-05-09T17:36:52 IST" duration-ms="18292">
      <class name="api.training.test.testUserDetails">
        <test-method is-config="true" signature="setup()[pri:0, instance:api.training.test.testUserDetails@49c7b90e]" started-at="2023-05-09T17:36:34 IST" name="setup" finished-at="2023-05-09T17:36:34 IST" duration-ms="40" status="PASS">
          <reporter-output>
          </reporter-output>
        </test-method> <!-- setup -->
        <test-method signature="testUserData()[pri:1, instance:api.training.test.testUserDetails@49c7b90e]" started-at="2023-05-09T17:36:34 IST" name="testUserData" finished-at="2023-05-09T17:36:46 IST" duration-ms="11886" status="PASS">
          <reporter-output>
          </reporter-output>
        </test-method> <!-- testUserData -->
        <test-method signature="testResponseUserData()[pri:2, instance:api.training.test.testUserDetails@49c7b90e]" started-at="2023-05-09T17:36:46 IST" name="testResponseUserData" finished-at="2023-05-09T17:36:52 IST" duration-ms="5472" status="PASS">
          <reporter-output>
          </reporter-output>
        </test-method> <!-- testResponseUserData -->
      </class> <!-- api.training.test.testUserDetails -->
    </test> <!-- PetTests -->
  </suite> <!-- PetSuite -->
</testng-results>
