<?xml version="1.0" encoding="UTF-8"?>
<testng-results ignored="0" total="3" passed="3" failed="0" skipped="0">
  <reporter-output>
  </reporter-output>
  <suite started-at="2023-05-10T16:47:47 IST" name="PetSuite" finished-at="2023-05-10T16:48:05 IST" duration-ms="18862">
    <groups>
    </groups>
    <test started-at="2023-05-10T16:47:47 IST" name="PetTests" finished-at="2023-05-10T16:48:05 IST" duration-ms="18862">
      <class name="api.training.test.testUserDetails">
        <test-method is-config="true" signature="setup()[pri:0, instance:api.training.test.testUserDetails@47faa49c]" started-at="2023-05-10T16:47:48 IST" name="setup" finished-at="2023-05-10T16:47:48 IST" duration-ms="19" status="PASS">
          <reporter-output>
          </reporter-output>
        </test-method> <!-- setup -->
        <test-method signature="testUserData()[pri:1, instance:api.training.test.testUserDetails@47faa49c]" started-at="2023-05-10T16:47:48 IST" name="testUserData" finished-at="2023-05-10T16:47:56 IST" duration-ms="7627" status="PASS">
          <reporter-output>
          </reporter-output>
        </test-method> <!-- testUserData -->
        <test-method signature="testResponseUserData()[pri:2, instance:api.training.test.testUserDetails@47faa49c]" started-at="2023-05-10T16:47:56 IST" name="testResponseUserData" finished-at="2023-05-10T16:48:03 IST" duration-ms="7027" status="PASS">
          <reporter-output>
          </reporter-output>
        </test-method> <!-- testResponseUserData -->
        <test-method signature="testGetJsonfieldData()[pri:3, instance:api.training.test.testUserDetails@47faa49c]" started-at="2023-05-10T16:48:03 IST" name="testGetJsonfieldData" finished-at="2023-05-10T16:48:05 IST" duration-ms="2465" status="PASS">
          <reporter-output>
          </reporter-output>
        </test-method> <!-- testGetJsonfieldData -->
      </class> <!-- api.training.test.testUserDetails -->
    </test> <!-- PetTests -->
  </suite> <!-- PetSuite -->
</testng-results>
