<?xml version="1.0" encoding="UTF-8"?>
<testng-results ignored="0" total="2" passed="2" failed="0" skipped="0">
  <reporter-output>
  </reporter-output>
  <suite started-at="2023-05-09T17:35:15 IST" name="PetSuite" finished-at="2023-05-09T17:35:22 IST" duration-ms="7208">
    <groups>
    </groups>
    <test started-at="2023-05-09T17:35:15 IST" name="PetTests" finished-at="2023-05-09T17:35:22 IST" duration-ms="7208">
      <class name="api.training.test.testUserDetails">
        <test-method is-config="true" signature="setup()[pri:0, instance:api.training.test.testUserDetails@73e22a3d]" started-at="2023-05-09T17:35:16 IST" name="setup" finished-at="2023-05-09T17:35:16 IST" duration-ms="22" status="PASS">
          <reporter-output>
          </reporter-output>
        </test-method> <!-- setup -->
        <test-method signature="testUserData()[pri:1, instance:api.training.test.testUserDetails@73e22a3d]" started-at="2023-05-09T17:35:16 IST" name="testUserData" finished-at="2023-05-09T17:35:19 IST" duration-ms="3600" status="PASS">
          <reporter-output>
          </reporter-output>
        </test-method> <!-- testUserData -->
        <test-method signature="testResponseUserData()[pri:2, instance:api.training.test.testUserDetails@73e22a3d]" started-at="2023-05-09T17:35:19 IST" name="testResponseUserData" finished-at="2023-05-09T17:35:22 IST" duration-ms="2714" status="PASS">
          <reporter-output>
          </reporter-output>
        </test-method> <!-- testResponseUserData -->
      </class> <!-- api.training.test.testUserDetails -->
    </test> <!-- PetTests -->
  </suite> <!-- PetSuite -->
</testng-results>
