<?xml version="1.0" encoding="UTF-8"?>
<!-- Generated by org.testng.reporters.JUnitXMLReporter -->
<testsuite ignored="0" hostname="DESKTOP-QDTAIDP" failures="0" tests="3" name="PetTests" time="16.236" errors="0" timestamp="2023-05-05T16:08:23 IST">
  <testcase classname="api.gorest.test.testJsonResponse" name="testGorestData" time="10.096"/>
  <testcase classname="api.gorest.test.testXMLResponse" name="testSingleContent" time="3.924"/>
  <testcase classname="api.gorest.test.testXMLResponse" name="testInvoceData" time="0.525"/>
</testsuite> <!-- PetTests -->
