<?xml version="1.0" encoding="UTF-8"?>
<!-- Generated by org.testng.reporters.JUnitXMLReporter -->
<testsuite ignored="0" hostname="DESKTOP-QDTAIDP" failures="0" tests="4" name="PetTests" time="17.472" errors="0" timestamp="2023-05-01T20:13:15 IST">
  <testcase classname="api.test.UserTests2" name="testPostUser" time="8.298"/>
  <testcase classname="api.test.UserTests2" name="testGetUserByName" time="1.259"/>
  <testcase classname="api.test.UserTests2" name="testUpdateUserByName" time="2.34"/>
  <testcase classname="api.test.UserTests2" name="testDeleteUserByName" time="1.205"/>
</testsuite> <!-- PetTests -->
