<?xml version="1.0" encoding="UTF-8"?>
<!-- Generated by org.testng.reporters.JUnitXMLReporter -->
<testsuite ignored="0" hostname="DESKTOP-QDTAIDP" failures="0" tests="3" name="PetTests" time="18.862" errors="0" timestamp="2023-05-10T16:48:08 IST">
  <testcase classname="api.training.test.testUserDetails" name="testUserData" time="7.627"/>
  <testcase classname="api.training.test.testUserDetails" name="testResponseUserData" time="7.027"/>
  <testcase classname="api.training.test.testUserDetails" name="testGetJsonfieldData" time="2.465"/>
</testsuite> <!-- PetTests -->
