<?xml version="1.0" encoding="UTF-8"?>
<!-- Generated by org.testng.reporters.JUnitXMLReporter -->
<testsuite ignored="0" hostname="DESKTOP-QDTAIDP" failures="0" tests="3" name="PetTests" time="11.856" errors="0" timestamp="2023-05-05T15:56:59 IST">
  <testcase classname="api.gorest.test.testJsonResponse" name="testGorestData" time="8.051"/>
  <testcase classname="api.gorest.test.testXMLResponse" name="testSingleContent" time="1.875"/>
  <testcase classname="api.gorest.test.testXMLResponse" name="testInvoceData" time="0.477"/>
</testsuite> <!-- PetTests -->
